Using pre-set license

 COMMAND LINE ARGUMENTS:
/Applications/2020.3.1f1/Unity.app/Contents/MacOS/Unity
-adb2
-batchMode
-noUpm
-name
AssetImportWorker1
-projectPath
/Users/dikshujain/Unity Project/Laser Defender
-logFile
Logs/AssetImportWorker1.log
-srvPort
49711
Successfully changed project path to: /Users/dikshujain/Unity Project/Laser Defender
/Users/dikshujain/Unity Project/Laser Defender
Using Asset Import Pipeline V2.
Refreshing native plugins compatible for Editor in 559.80 ms, found 1 plugins.
Preloading 0 native plugins for Editor in 0.00 ms.
Initialize engine version: 2020.3.1f1 (77a89f25062f)
[Subsystems] Discovering subsystems at path /Applications/2020.3.1f1/Unity.app/Contents/Resources/UnitySubsystems
[Subsystems] Discovering subsystems at path /Users/dikshujain/Unity Project/Laser Defender/Assets
GfxDevice: creating device client; threaded=0
2021-04-05 10:41:02.261 Unity[2063:34291] Color LCD preferred device: Intel(R) Iris(TM) Graphics 6000 (low power)
2021-04-05 10:41:02.261 Unity[2063:34291] Metal devices available: 1
2021-04-05 10:41:02.261 Unity[2063:34291] 0: Intel(R) Iris(TM) Graphics 6000 (low power)
2021-04-05 10:41:02.262 Unity[2063:34291] Using device Intel(R) Iris(TM) Graphics 6000 (low power)
Initializing Metal device caps: Intel(R) Iris(TM) Graphics 6000
Invalid texture used for cursor - check importer settings or texture creation. Texture must be RGBA32, readable, have alphaIsTransparency enabled and have no mip chain.

Initialize mono
Mono path[0] = '/Applications/2020.3.1f1/Unity.app/Contents/Managed'
Mono path[1] = '/Applications/2020.3.1f1/Unity.app/Contents/MonoBleedingEdge/lib/mono/unityjit'
Mono config path = '/Applications/2020.3.1f1/Unity.app/Contents/MonoBleedingEdge/etc'
Using monoOptions --debugger-agent=transport=dt_socket,embedding=1,server=y,suspend=n,address=127.0.0.1:56063
Begin MonoManager ReloadAssembly
Registering precompiled unity dll's ...
Register platform support module: /Applications/2020.3.1f1/Unity.app/Contents/PlaybackEngines/MacStandaloneSupport/UnityEditor.OSXStandalone.Extensions.dll
Registered in 0.001342 seconds.
Native extension for OSXStandalone target not found
Refreshing native plugins compatible for Editor in 133.44 ms, found 1 plugins.
Preloading 0 native plugins for Editor in 0.00 ms.
Invoked RoslynAnalysisRunner static constructor.
RoslynAnalysisRunner will not be running.
RoslynAnalysisRunner has terminated.
Mono: successfully reloaded assembly
- Completed reload, in 12.328 seconds
Platform modules already initialized, skipping
Registering precompiled user dll's ...
Registered in 0.009802 seconds.
Begin MonoManager ReloadAssembly
Native extension for OSXStandalone target not found
Refreshing native plugins compatible for Editor in 0.96 ms, found 1 plugins.
Preloading 0 native plugins for Editor in 0.00 ms.
Invoked RoslynAnalysisRunner static constructor.
RoslynAnalysisRunner will not be running.
RoslynAnalysisRunner has terminated.
Mono: successfully reloaded assembly
- Completed reload, in  3.351 seconds
Platform modules already initialized, skipping
========================================================================
Worker process is ready to serve import requests
Launching external process: /Applications/2020.3.1f1/Unity.app/Contents/Tools/UnityShaderCompiler
Launched and connected shader compiler UnityShaderCompiler after 0.03 seconds
Refreshing native plugins compatible for Editor in 0.81 ms, found 1 plugins.
Preloading 0 native plugins for Editor in 0.00 ms.
Unloading 1429 Unused Serialized files (Serialized files now loaded: 0)
System memory in use before: 124.1 MB.
System memory in use after: 124.1 MB.

Unloading 33 unused Assets to reduce memory usage. Loaded Objects now: 1860.
Total: 3.815218 ms (FindLiveObjects: 0.422804 ms CreateObjectMapping: 0.094723 ms MarkObjects: 3.159229 ms  DeleteObjects: 0.136104 ms)

========================================================================
Received Import Request.
  path: Assets/Scenes/Start Menu.unity
  artifactKey: Guid(ff37561416a574a4c8d9362b63671d72) Importer(815301076,1909f56bfc062723c751e8b465ee728b)
Start importing Assets/Scenes/Start Menu.unity using Guid(ff37561416a574a4c8d9362b63671d72) Importer(815301076,1909f56bfc062723c751e8b465ee728b)  -> (artifact id: 'c19378c98dc31f6a468bfa60a7ab696d') in 0.016731 seconds
  Import took 0.021358 seconds .

========================================================================
Received Import Request.
  Time since last request: 0.152068 seconds.
  path: Assets/Scenes/Start Menu.unity
  artifactKey: Guid(ff37561416a574a4c8d9362b63671d72) Importer(815301076,1909f56bfc062723c751e8b465ee728b)
Start importing Assets/Scenes/Start Menu.unity using Guid(ff37561416a574a4c8d9362b63671d72) Importer(815301076,1909f56bfc062723c751e8b465ee728b)  -> (artifact id: 'c19378c98dc31f6a468bfa60a7ab696d') in 0.035704 seconds
  Import took 0.040883 seconds .

========================================================================
Received Prepare
Registering precompiled user dll's ...
Registered in 0.002240 seconds.
Begin MonoManager ReloadAssembly
Native extension for OSXStandalone target not found
Refreshing native plugins compatible for Editor in 0.91 ms, found 1 plugins.
Preloading 0 native plugins for Editor in 0.00 ms.
Invoked RoslynAnalysisRunner static constructor.
RoslynAnalysisRunner will not be running.
RoslynAnalysisRunner has terminated.
Mono: successfully reloaded assembly
- Completed reload, in  3.427 seconds
Platform modules already initialized, skipping
Refreshing native plugins compatible for Editor in 0.99 ms, found 1 plugins.
Preloading 0 native plugins for Editor in 0.00 ms.
Unloading 1412 Unused Serialized files (Serialized files now loaded: 0)
System memory in use before: 123.4 MB.
System memory in use after: 123.5 MB.

Unloading 24 unused Assets to reduce memory usage. Loaded Objects now: 1863.
Total: 7.787838 ms (FindLiveObjects: 0.562753 ms CreateObjectMapping: 0.206377 ms MarkObjects: 6.977238 ms  DeleteObjects: 0.037871 ms)

